<?xml version="1.0" encoding="UTF-8"?>
<testsuite name="com.db.awmd.challenge.AccountsTransControllerTest" tests="3" skipped="0" failures="0" errors="0" timestamp="2017-09-28T21:38:40" hostname="Podduturi" time="0.103">
  <properties/>
  <testcase name="transferAmount_NegativeAMT_Test" classname="com.db.awmd.challenge.AccountsTransControllerTest" time="0.062"/>
  <testcase name="transferAmountTest" classname="com.db.awmd.challenge.AccountsTransControllerTest" time="0.026"/>
  <testcase name="transferAmount_LessFromAccount_Test" classname="com.db.awmd.challenge.AccountsTransControllerTest" time="0.012"/>
  <system-out><![CDATA[2017-09-28 22:38:40.217  INFO 5104 --- [    Test worker] .b.t.c.SpringBootTestContextBootstrapper : Neither @ContextConfiguration nor @ContextHierarchy found for test class [com.db.awmd.challenge.AccountsTransControllerTest], using SpringBootContextLoader
2017-09-28 22:38:40.220  INFO 5104 --- [    Test worker] o.s.t.c.support.AbstractContextLoader    : Could not detect default resource locations for test class [com.db.awmd.challenge.AccountsTransControllerTest]: no resource found for suffixes {-context.xml, Context.groovy}.
2017-09-28 22:38:40.220  INFO 5104 --- [    Test worker] t.c.s.AnnotationConfigContextLoaderUtils : Could not detect default configuration classes for test class [com.db.awmd.challenge.AccountsTransControllerTest]: AccountsTransControllerTest does not declare any static, non-private, non-final, nested classes annotated with @Configuration.
2017-09-28 22:38:40.226  INFO 5104 --- [    Test worker] .b.t.c.SpringBootTestContextBootstrapper : Found @SpringBootConfiguration com.db.awmd.challenge.DevChallengeApplication for test class com.db.awmd.challenge.AccountsTransControllerTest
2017-09-28 22:38:40.229  INFO 5104 --- [    Test worker] .b.t.c.SpringBootTestContextBootstrapper : Loaded default TestExecutionListener class names from location [META-INF/spring.factories]: [org.springframework.boot.test.mock.mockito.MockitoTestExecutionListener, org.springframework.boot.test.mock.mockito.ResetMocksTestExecutionListener, org.springframework.boot.test.autoconfigure.restdocs.RestDocsTestExecutionListener, org.springframework.boot.test.autoconfigure.web.client.MockRestServiceServerResetTestExecutionListener, org.springframework.boot.test.autoconfigure.web.servlet.MockMvcPrintOnlyOnFailureTestExecutionListener, org.springframework.boot.test.autoconfigure.web.servlet.WebDriverTestExecutionListener, org.springframework.test.context.web.ServletTestExecutionListener, org.springframework.test.context.support.DirtiesContextBeforeModesTestExecutionListener, org.springframework.test.context.support.DependencyInjectionTestExecutionListener, org.springframework.test.context.support.DirtiesContextTestExecutionListener, org.springframework.test.context.transaction.TransactionalTestExecutionListener, org.springframework.test.context.jdbc.SqlScriptsTestExecutionListener]
2017-09-28 22:38:40.232  INFO 5104 --- [    Test worker] .b.t.c.SpringBootTestContextBootstrapper : Could not instantiate TestExecutionListener [org.springframework.test.context.transaction.TransactionalTestExecutionListener]. Specify custom listener classes or make the default listener classes (and their required dependencies) available. Offending class: [org/springframework/transaction/interceptor/TransactionAttributeSource]
2017-09-28 22:38:40.233  INFO 5104 --- [    Test worker] .b.t.c.SpringBootTestContextBootstrapper : Could not instantiate TestExecutionListener [org.springframework.test.context.jdbc.SqlScriptsTestExecutionListener]. Specify custom listener classes or make the default listener classes (and their required dependencies) available. Offending class: [org/springframework/transaction/interceptor/TransactionAttribute]
2017-09-28 22:38:40.233  INFO 5104 --- [    Test worker] .b.t.c.SpringBootTestContextBootstrapper : Using TestExecutionListeners: [org.springframework.test.context.web.ServletTestExecutionListener@174fb877, org.springframework.test.context.support.DirtiesContextBeforeModesTestExecutionListener@2ad82cfd, org.springframework.boot.test.autoconfigure.SpringBootDependencyInjectionTestExecutionListener@17bcecd6, org.springframework.test.context.support.DirtiesContextTestExecutionListener@52a31cbc, org.springframework.boot.test.mock.mockito.ResetMocksTestExecutionListener@38c59a9f, org.springframework.boot.test.autoconfigure.web.servlet.MockMvcPrintOnlyOnFailureTestExecutionListener@5311f6be, org.springframework.boot.test.autoconfigure.web.client.MockRestServiceServerResetTestExecutionListener@23bb6a56, org.springframework.boot.test.mock.mockito.MockitoTestExecutionListener@69b7c461, org.springframework.boot.test.autoconfigure.restdocs.RestDocsTestExecutionListener@7d32aaaa, org.springframework.boot.test.autoconfigure.web.servlet.WebDriverTestExecutionListener@21ca07b4]
2017-09-28 22:38:40.453  INFO 5104 --- [    Test worker] o.s.b.t.m.w.SpringBootMockServletContext : Initializing Spring FrameworkServlet ''
2017-09-28 22:38:40.453  INFO 5104 --- [    Test worker] o.s.t.web.servlet.TestDispatcherServlet  : FrameworkServlet '': initialization started
2017-09-28 22:38:40.458  INFO 5104 --- [    Test worker] o.s.t.web.servlet.TestDispatcherServlet  : FrameworkServlet '': initialization completed in 5 ms
2017-09-28 22:38:40.494  INFO 5104 --- [    Test worker] o.s.b.t.m.w.SpringBootMockServletContext : Initializing Spring FrameworkServlet ''
2017-09-28 22:38:40.494  INFO 5104 --- [    Test worker] o.s.t.web.servlet.TestDispatcherServlet  : FrameworkServlet '': initialization started
2017-09-28 22:38:40.497  INFO 5104 --- [    Test worker] o.s.t.web.servlet.TestDispatcherServlet  : FrameworkServlet '': initialization completed in 3 ms
2017-09-28 22:38:40.520  INFO 5104 --- [    Test worker] o.s.b.t.m.w.SpringBootMockServletContext : Initializing Spring FrameworkServlet ''
2017-09-28 22:38:40.520  INFO 5104 --- [    Test worker] o.s.t.web.servlet.TestDispatcherServlet  : FrameworkServlet '': initialization started
2017-09-28 22:38:40.523  INFO 5104 --- [    Test worker] o.s.t.web.servlet.TestDispatcherServlet  : FrameworkServlet '': initialization completed in 3 ms
]]></system-out>
  <system-err><![CDATA[]]></system-err>
</testsuite>
