<?xml version="1.0" encoding="UTF-8"?>
<testsuite name="com.db.awmd.challenge.AccountsTransTest" tests="3" skipped="0" failures="0" errors="0" timestamp="2017-09-28T21:38:40" hostname="Podduturi" time="0.014">
  <properties/>
  <testcase name="transferMoney_Mock" classname="com.db.awmd.challenge.AccountsTransTest" time="0.004"/>
  <testcase name="transferMoney_failFromAccBalLess" classname="com.db.awmd.challenge.AccountsTransTest" time="0.003"/>
  <testcase name="transferMoney_failNegativeBal" classname="com.db.awmd.challenge.AccountsTransTest" time="0.005"/>
  <system-out><![CDATA[2017-09-28 22:38:40.532  INFO 5104 --- [    Test worker] .b.t.c.SpringBootTestContextBootstrapper : Neither @ContextConfiguration nor @ContextHierarchy found for test class [com.db.awmd.challenge.AccountsTransTest], using SpringBootContextLoader
2017-09-28 22:38:40.532  INFO 5104 --- [    Test worker] o.s.t.c.support.AbstractContextLoader    : Could not detect default resource locations for test class [com.db.awmd.challenge.AccountsTransTest]: no resource found for suffixes {-context.xml, Context.groovy}.
2017-09-28 22:38:40.532  INFO 5104 --- [    Test worker] t.c.s.AnnotationConfigContextLoaderUtils : Could not detect default configuration classes for test class [com.db.awmd.challenge.AccountsTransTest]: AccountsTransTest does not declare any static, non-private, non-final, nested classes annotated with @Configuration.
2017-09-28 22:38:40.536  INFO 5104 --- [    Test worker] .b.t.c.SpringBootTestContextBootstrapper : Found @SpringBootConfiguration com.db.awmd.challenge.DevChallengeApplication for test class com.db.awmd.challenge.AccountsTransTest
2017-09-28 22:38:40.539  INFO 5104 --- [    Test worker] .b.t.c.SpringBootTestContextBootstrapper : Loaded default TestExecutionListener class names from location [META-INF/spring.factories]: [org.springframework.boot.test.mock.mockito.MockitoTestExecutionListener, org.springframework.boot.test.mock.mockito.ResetMocksTestExecutionListener, org.springframework.boot.test.autoconfigure.restdocs.RestDocsTestExecutionListener, org.springframework.boot.test.autoconfigure.web.client.MockRestServiceServerResetTestExecutionListener, org.springframework.boot.test.autoconfigure.web.servlet.MockMvcPrintOnlyOnFailureTestExecutionListener, org.springframework.boot.test.autoconfigure.web.servlet.WebDriverTestExecutionListener, org.springframework.test.context.web.ServletTestExecutionListener, org.springframework.test.context.support.DirtiesContextBeforeModesTestExecutionListener, org.springframework.test.context.support.DependencyInjectionTestExecutionListener, org.springframework.test.context.support.DirtiesContextTestExecutionListener, org.springframework.test.context.transaction.TransactionalTestExecutionListener, org.springframework.test.context.jdbc.SqlScriptsTestExecutionListener]
2017-09-28 22:38:40.542  INFO 5104 --- [    Test worker] .b.t.c.SpringBootTestContextBootstrapper : Could not instantiate TestExecutionListener [org.springframework.test.context.transaction.TransactionalTestExecutionListener]. Specify custom listener classes or make the default listener classes (and their required dependencies) available. Offending class: [org/springframework/transaction/interceptor/TransactionAttributeSource]
2017-09-28 22:38:40.543  INFO 5104 --- [    Test worker] .b.t.c.SpringBootTestContextBootstrapper : Could not instantiate TestExecutionListener [org.springframework.test.context.jdbc.SqlScriptsTestExecutionListener]. Specify custom listener classes or make the default listener classes (and their required dependencies) available. Offending class: [org/springframework/transaction/interceptor/TransactionAttribute]
2017-09-28 22:38:40.543  INFO 5104 --- [    Test worker] .b.t.c.SpringBootTestContextBootstrapper : Using TestExecutionListeners: [org.springframework.test.context.web.ServletTestExecutionListener@65d74075, org.springframework.test.context.support.DirtiesContextBeforeModesTestExecutionListener@5f7a0819, org.springframework.boot.test.autoconfigure.SpringBootDependencyInjectionTestExecutionListener@3d60cb8a, org.springframework.test.context.support.DirtiesContextTestExecutionListener@4842392f, org.springframework.boot.test.mock.mockito.ResetMocksTestExecutionListener@17491cba, org.springframework.boot.test.autoconfigure.web.servlet.MockMvcPrintOnlyOnFailureTestExecutionListener@187ce48a, org.springframework.boot.test.autoconfigure.web.client.MockRestServiceServerResetTestExecutionListener@237b4094, org.springframework.boot.test.mock.mockito.MockitoTestExecutionListener@7a298e95, org.springframework.boot.test.autoconfigure.restdocs.RestDocsTestExecutionListener@25daf1a6, org.springframework.boot.test.autoconfigure.web.servlet.WebDriverTestExecutionListener@5a7d0923]
]]></system-out>
  <system-err><![CDATA[]]></system-err>
</testsuite>
